<?xml version="1.0" encoding="UTF-8"?>
<!-- Generated by org.testng.reporters.JUnitReportReporter -->
<testsuite hostname="DESKTOP-NMES7OQ" failures="0" tests="2" name="rahulshettyacademy.tests.ErrorValidationsTest" time="14.392" errors="0" timestamp="09 Jan 2023 11:39:36 GMT" skipped="0">
  <testcase classname="rahulshettyacademy.tests.ErrorValidationsTest" name="LoginErrorValidation" time="4.256"/>
  <testcase classname="rahulshettyacademy.tests.ErrorValidationsTest" name="ProductErrorValidation" time="10.136"/>
</testsuite> <!-- rahulshettyacademy.tests.ErrorValidationsTest -->
