<?xml version="1.0" encoding="UTF-8"?>
<!-- Generated by org.testng.reporters.JUnitReportReporter -->
<testsuite hostname="DESKTOP-NMES7OQ" failures="0" tests="1" name="cucumber.TestNGTestRunner" time="56.334" errors="0" timestamp="09 Jan 2023 11:37:43 GMT" skipped="0">
  <testcase classname="cucumber.TestNGTestRunner" name="runScenario" time="56.334"/>
</testsuite> <!-- cucumber.TestNGTestRunner -->
